{
  "uid" : "64f2c660a4420f4b",
  "name" : "test_message_disappeared_after_adding_product_to_basket",
  "fullName" : "module_5.test_product_page.TestProductPage#test_message_disappeared_after_adding_product_to_basket",
  "historyId" : "b1c3189d6400963e937a7a94e38cea78",
  "time" : {
    "start" : 1608327596049,
    "stop" : 1608327603324,
    "duration" : 7275
  },
  "status" : "skipped",
  "statusMessage" : "XFAIL\n\nAssertionError: Success message is presented, and doesn't disappear",
  "statusTrace" : "self = <module_5.test_product_page.TestProductPage object at 0x0000017A797646D0>, browser = <selenium.webdriver.chrome.webdriver.WebDriver (session=\"250517ad9bdb4326102f9056c3e70e5f\")>\n\n    @pytest.mark.xfail\n    def test_message_disappeared_after_adding_product_to_basket(self, browser):\n        link = \"http://selenium1py.pythonanywhere.com/catalogue/coders-at-work_207\"\n        page = ProductPage(browser, link)\n        page.open()\n        page.add_product_to_basket()\n>       page.should_not_be_success_message_is_disappeared()\n\nmodule_5\\test_product_page.py:75: \n_ _ _ _ _ _ _ _ _ _ _ _ _ _ _ _ _ _ _ _ _ _ _ _ _ _ _ _ _ _ _ _ _ _ _ _ _ _ _ _ _ _ _ _ _ _ _ _ _ _ _ _ _ _ _ _ _ _ _ _ _ _ _ _ _ _ _ _ _ _ _ _ _ _ _ _ _ _ _ _ _ _ _ _ _ _ _ _ _ _ _ _ _ \n\nself = <module_5.pages.product_page.ProductPage object at 0x0000017A7982B3D0>\n\n    def should_not_be_success_message_is_disappeared(self):\n>       assert self.is_disappeared(*ProductPageLocators.SUCCESS_MESSAGE), \\\n            \"Success message is presented, and doesn't disappear\"\nE       AssertionError: Success message is presented, and doesn't disappear\n\nmodule_5\\pages\\product_page.py:54: AssertionError",
  "flaky" : false,
  "newFailed" : false,
  "beforeStages" : [ {
    "name" : "browser",
    "time" : {
      "start" : 1608327592537,
      "stop" : 1608327596049,
      "duration" : 3512
    },
    "status" : "passed",
    "steps" : [ ],
    "attachments" : [ ],
    "parameters" : [ ],
    "shouldDisplayMessage" : false,
    "attachmentsCount" : 0,
    "hasContent" : false,
    "stepsCount" : 0
  } ],
  "testStage" : {
    "status" : "skipped",
    "statusMessage" : "XFAIL\n\nAssertionError: Success message is presented, and doesn't disappear",
    "statusTrace" : "self = <module_5.test_product_page.TestProductPage object at 0x0000017A797646D0>, browser = <selenium.webdriver.chrome.webdriver.WebDriver (session=\"250517ad9bdb4326102f9056c3e70e5f\")>\n\n    @pytest.mark.xfail\n    def test_message_disappeared_after_adding_product_to_basket(self, browser):\n        link = \"http://selenium1py.pythonanywhere.com/catalogue/coders-at-work_207\"\n        page = ProductPage(browser, link)\n        page.open()\n        page.add_product_to_basket()\n>       page.should_not_be_success_message_is_disappeared()\n\nmodule_5\\test_product_page.py:75: \n_ _ _ _ _ _ _ _ _ _ _ _ _ _ _ _ _ _ _ _ _ _ _ _ _ _ _ _ _ _ _ _ _ _ _ _ _ _ _ _ _ _ _ _ _ _ _ _ _ _ _ _ _ _ _ _ _ _ _ _ _ _ _ _ _ _ _ _ _ _ _ _ _ _ _ _ _ _ _ _ _ _ _ _ _ _ _ _ _ _ _ _ _ \n\nself = <module_5.pages.product_page.ProductPage object at 0x0000017A7982B3D0>\n\n    def should_not_be_success_message_is_disappeared(self):\n>       assert self.is_disappeared(*ProductPageLocators.SUCCESS_MESSAGE), \\\n            \"Success message is presented, and doesn't disappear\"\nE       AssertionError: Success message is presented, and doesn't disappear\n\nmodule_5\\pages\\product_page.py:54: AssertionError",
    "steps" : [ ],
    "attachments" : [ {
      "uid" : "df5cfc031edd65a",
      "name" : "stdout",
      "source" : "df5cfc031edd65a.txt",
      "type" : "text/plain",
      "size" : 42
    } ],
    "parameters" : [ ],
    "shouldDisplayMessage" : true,
    "attachmentsCount" : 1,
    "hasContent" : true,
    "stepsCount" : 0
  },
  "afterStages" : [ {
    "name" : "browser::0",
    "time" : {
      "start" : 1608327603336,
      "stop" : 1608327605974,
      "duration" : 2638
    },
    "status" : "passed",
    "steps" : [ ],
    "attachments" : [ ],
    "parameters" : [ ],
    "shouldDisplayMessage" : false,
    "attachmentsCount" : 0,
    "hasContent" : false,
    "stepsCount" : 0
  } ],
  "labels" : [ {
    "name" : "tag",
    "value" : "@pytest.mark.xfail"
  }, {
    "name" : "parentSuite",
    "value" : "module_5"
  }, {
    "name" : "suite",
    "value" : "test_product_page"
  }, {
    "name" : "subSuite",
    "value" : "TestProductPage"
  }, {
    "name" : "host",
    "value" : "NNV-W00180"
  }, {
    "name" : "thread",
    "value" : "13164-MainThread"
  }, {
    "name" : "framework",
    "value" : "pytest"
  }, {
    "name" : "language",
    "value" : "cpython3"
  }, {
    "name" : "package",
    "value" : "module_5.test_product_page"
  }, {
    "name" : "resultFormat",
    "value" : "allure2"
  } ],
  "parameters" : [ ],
  "links" : [ ],
  "hidden" : false,
  "retry" : false,
  "extra" : {
    "severity" : "normal",
    "retries" : [ ],
    "categories" : [ ],
    "tags" : [ "@pytest.mark.xfail" ]
  },
  "source" : "64f2c660a4420f4b.json",
  "parameterValues" : [ ]
}